[21:29:41] ========================================================
[21:29:41] Phase 10e Post-Training Pipeline
[21:29:41] ========================================================
[21:29:41] Training still running (PID 67907). Waiting...
[22:22:45] Training completed.
[22:22:45] Checkpoint: /Users/rohit.anand/Desktop/Hobby/MODA/checkpoints/v3_phase10/phase10e_title_strong_anchor/best.pt
[22:22:45] 
[22:22:45] Step 2: Quick eval (3K corpus, 4 benchmarks)...
22:22:46  INFO     Device: mps
22:22:50  INFO     Loading Marqo-FashionSigLIP...
22:22:50  INFO     Parsing model identifier. Schema: hf-hub, Identifier: Marqo/marqo-fashionSigLIP
22:22:50  INFO     Attempting to load config from HF Hub: Marqo/marqo-fashionSigLIP
22:22:52  INFO     HTTP Request: HEAD https://huggingface.co/Marqo/marqo-fashionSigLIP/resolve/main/open_clip_config.json "HTTP/1.1 307 Temporary Redirect"
22:22:53  INFO     HTTP Request: HEAD https://huggingface.co/api/resolve-cache/models/Marqo/marqo-fashionSigLIP/c56244cc94f92419e8369fa71efdaf403b124ce8/open_clip_config.json "HTTP/1.1 200 OK"
22:22:53  INFO     Loaded model config from HF Hub: Marqo/marqo-fashionSigLIP
22:22:53  INFO     HTTP Request: HEAD https://huggingface.co/Marqo/marqo-fashionSigLIP/resolve/main/open_clip_model.safetensors "HTTP/1.1 302 Found"
22:22:53  INFO     Found default weights file on HF Hub: /Users/rohit.anand/.cache/huggingface/hub/models--Marqo--marqo-fashionSigLIP/snapshots/c56244cc94f92419e8369fa71efdaf403b124ce8/open_clip_model.safetensors
22:22:53  INFO     Instantiating model architecture: CustomTextCLIP
22:22:56  INFO     Loading full pretrained weights from: /Users/rohit.anand/.cache/huggingface/hub/models--Marqo--marqo-fashionSigLIP/snapshots/c56244cc94f92419e8369fa71efdaf403b124ce8/open_clip_model.safetensors
22:22:56  INFO     Final image preprocessing configuration set: {'size': (224, 224), 'mode': 'RGB', 'mean': [0.5, 0.5, 0.5], 'std': [0.5, 0.5, 0.5], 'interpolation': 'bicubic', 'resize_mode': 'squash', 'fill_color': 0}
22:22:56  INFO     Model hf-hub:Marqo/marqo-fashionSigLIP creation process complete.
22:22:56  INFO     Parsing tokenizer identifier. Schema: hf-hub, Identifier: Marqo/marqo-fashionSigLIP
22:22:56  INFO     Attempting to load config from hf-hub:Marqo/marqo-fashionSigLIP
22:22:57  INFO     HTTP Request: HEAD https://huggingface.co/Marqo/marqo-fashionSigLIP/resolve/main/open_clip_config.json "HTTP/1.1 307 Temporary Redirect"
22:22:57  INFO     HTTP Request: HEAD https://huggingface.co/api/resolve-cache/models/Marqo/marqo-fashionSigLIP/c56244cc94f92419e8369fa71efdaf403b124ce8/open_clip_config.json "HTTP/1.1 200 OK"
22:22:57  INFO     Using HFTokenizer with source: 'timm/ViT-B-16-SigLIP', mode: 'None'
22:22:58  INFO     HTTP Request: HEAD https://huggingface.co/timm/ViT-B-16-SigLIP/resolve/main/config.json "HTTP/1.1 404 Not Found"
22:22:59  INFO     HTTP Request: HEAD https://huggingface.co/timm/ViT-B-16-SigLIP/resolve/main/config.json "HTTP/1.1 404 Not Found"
22:23:00  INFO     HTTP Request: HEAD https://huggingface.co/timm/ViT-B-16-SigLIP/resolve/main/tokenizer_config.json "HTTP/1.1 307 Temporary Redirect"
22:23:00  INFO     HTTP Request: HEAD https://huggingface.co/api/resolve-cache/models/timm/ViT-B-16-SigLIP/41f575766f40e752fdd1383e9565b7f02388c1c4/tokenizer_config.json "HTTP/1.1 200 OK"
22:23:01  INFO     HTTP Request: GET https://huggingface.co/api/models/timm/ViT-B-16-SigLIP/tree/main/additional_chat_templates?recursive=false&expand=false "HTTP/1.1 404 Not Found"
22:23:02  INFO     HTTP Request: GET https://huggingface.co/api/models/timm/ViT-B-16-SigLIP/tree/main?recursive=true&expand=false "HTTP/1.1 200 OK"
22:23:02  INFO     Loading checkpoint: /Users/rohit.anand/Desktop/Hobby/MODA/checkpoints/v3_phase10/phase10e_title_strong_anchor/best.pt
22:23:02  INFO       Loaded 54 keys (260 missing, 0 unexpected)
22:23:02  INFO     Evaluating: fashion200k (corpus=3000)
22:23:02  INFO     Loading Marqo/fashion200k (split=data)...
22:23:03  INFO     HTTP Request: HEAD https://huggingface.co/datasets/Marqo/fashion200k/resolve/main/README.md "HTTP/1.1 307 Temporary Redirect"
22:23:04  INFO     HTTP Request: HEAD https://huggingface.co/api/resolve-cache/datasets/Marqo/fashion200k/b9d0e6c9c14337620e442c93f40f7906942fe893/README.md "HTTP/1.1 200 OK"
22:23:04  INFO     HTTP Request: HEAD https://huggingface.co/datasets/Marqo/fashion200k/resolve/b9d0e6c9c14337620e442c93f40f7906942fe893/fashion200k.py "HTTP/1.1 404 Not Found"
22:23:05  INFO     HTTP Request: HEAD https://s3.amazonaws.com/datasets.huggingface.co/datasets/datasets/Marqo/fashion200k/Marqo/fashion200k.py "HTTP/1.1 404 Not Found"
22:23:06  INFO     HTTP Request: GET https://huggingface.co/api/datasets/Marqo/fashion200k/revision/b9d0e6c9c14337620e442c93f40f7906942fe893 "HTTP/1.1 200 OK"
22:23:07  INFO     HTTP Request: HEAD https://huggingface.co/datasets/Marqo/fashion200k/resolve/b9d0e6c9c14337620e442c93f40f7906942fe893/.huggingface.yaml "HTTP/1.1 404 Not Found"
22:23:08  INFO     HTTP Request: GET https://datasets-server.huggingface.co/info?dataset=Marqo/fashion200k "HTTP/1.1 200 OK"
22:23:09  INFO     HTTP Request: GET https://huggingface.co/api/datasets/Marqo/fashion200k/tree/b9d0e6c9c14337620e442c93f40f7906942fe893/data?recursive=true&expand=false "HTTP/1.1 200 OK"
22:23:10  INFO     HTTP Request: GET https://huggingface.co/api/datasets/Marqo/fashion200k/tree/b9d0e6c9c14337620e442c93f40f7906942fe893?recursive=false&expand=false "HTTP/1.1 200 OK"
22:23:10  INFO     HTTP Request: HEAD https://huggingface.co/datasets/Marqo/fashion200k/resolve/b9d0e6c9c14337620e442c93f40f7906942fe893/dataset_infos.json "HTTP/1.1 404 Not Found"
22:23:11  INFO       Full size: 201624
22:23:11  INFO       Subsampled to 3000
22:23:12  INFO       text-to-image: 2000 queries
22:23:57  INFO       text-to-image MAP@10=0.6570 R@1=0.542 R@10=0.890 MRR=0.658
22:23:58  INFO       category-to-product (category3): 104 queries
22:24:47  INFO       category3 MAP@10=0.3142 P@1=0.346 P@10=0.116 MRR=0.457
22:24:48  INFO       category-to-product (category2): 31 queries
22:25:37  INFO       category2 MAP@10=0.5270 P@1=0.742 P@10=0.642 MRR=0.845
22:25:38  INFO       category-to-product (category1): 5 queries
22:26:26  INFO       category1 MAP@10=0.9414 P@1=0.800 P@10=0.980 MRR=0.900
22:26:26  INFO     Evaluating: atlas (corpus=3000)
22:26:26  INFO     Loading Marqo/atlas (split=data)...
22:26:28  INFO     HTTP Request: HEAD https://huggingface.co/datasets/Marqo/atlas/resolve/main/README.md "HTTP/1.1 307 Temporary Redirect"
22:26:29  INFO     HTTP Request: HEAD https://huggingface.co/api/resolve-cache/datasets/Marqo/atlas/54924db5b6b2f7f10dfce2053222d20bc614ba0c/README.md "HTTP/1.1 200 OK"
22:26:29  INFO     HTTP Request: HEAD https://huggingface.co/datasets/Marqo/atlas/resolve/54924db5b6b2f7f10dfce2053222d20bc614ba0c/atlas.py "HTTP/1.1 404 Not Found"
22:26:30  INFO     HTTP Request: HEAD https://s3.amazonaws.com/datasets.huggingface.co/datasets/datasets/Marqo/atlas/Marqo/atlas.py "HTTP/1.1 404 Not Found"
22:26:31  INFO     HTTP Request: GET https://huggingface.co/api/datasets/Marqo/atlas/revision/54924db5b6b2f7f10dfce2053222d20bc614ba0c "HTTP/1.1 200 OK"
22:26:32  INFO     HTTP Request: HEAD https://huggingface.co/datasets/Marqo/atlas/resolve/54924db5b6b2f7f10dfce2053222d20bc614ba0c/.huggingface.yaml "HTTP/1.1 404 Not Found"
22:26:33  INFO     HTTP Request: GET https://datasets-server.huggingface.co/info?dataset=Marqo/atlas "HTTP/1.1 200 OK"
22:26:34  INFO     HTTP Request: GET https://huggingface.co/api/datasets/Marqo/atlas/tree/54924db5b6b2f7f10dfce2053222d20bc614ba0c/data?recursive=true&expand=false "HTTP/1.1 200 OK"
22:26:35  INFO     HTTP Request: GET https://huggingface.co/api/datasets/Marqo/atlas/tree/54924db5b6b2f7f10dfce2053222d20bc614ba0c?recursive=false&expand=false "HTTP/1.1 200 OK"
22:26:36  INFO     HTTP Request: HEAD https://huggingface.co/datasets/Marqo/atlas/resolve/54924db5b6b2f7f10dfce2053222d20bc614ba0c/dataset_infos.json "HTTP/1.1 404 Not Found"
22:26:36  INFO       Full size: 78370
22:26:36  INFO       Subsampled to 3000
22:26:37  INFO       text-to-image: 2000 queries
22:27:23  INFO       text-to-image MAP@10=0.3425 R@1=0.261 R@10=0.562 MRR=0.360
22:27:24  INFO       category-to-product (category): 3 queries
22:28:23  INFO       category MAP@10=0.6333 P@1=0.667 P@10=0.633 MRR=0.667
22:28:23  INFO     Evaluating: polyvore (corpus=3000)
22:28:23  INFO     Loading Marqo/polyvore (split=data)...
22:28:25  INFO     HTTP Request: HEAD https://huggingface.co/datasets/Marqo/polyvore/resolve/main/README.md "HTTP/1.1 307 Temporary Redirect"
22:28:26  INFO     HTTP Request: HEAD https://huggingface.co/api/resolve-cache/datasets/Marqo/polyvore/8c782ee447faf2d2a0402ac883cf07d3b3f43e1c/README.md "HTTP/1.1 200 OK"
22:28:26  INFO     HTTP Request: HEAD https://huggingface.co/datasets/Marqo/polyvore/resolve/8c782ee447faf2d2a0402ac883cf07d3b3f43e1c/polyvore.py "HTTP/1.1 404 Not Found"
22:28:27  INFO     HTTP Request: HEAD https://s3.amazonaws.com/datasets.huggingface.co/datasets/datasets/Marqo/polyvore/Marqo/polyvore.py "HTTP/1.1 404 Not Found"
22:28:28  INFO     HTTP Request: GET https://huggingface.co/api/datasets/Marqo/polyvore/revision/8c782ee447faf2d2a0402ac883cf07d3b3f43e1c "HTTP/1.1 200 OK"
22:28:29  INFO     HTTP Request: HEAD https://huggingface.co/datasets/Marqo/polyvore/resolve/8c782ee447faf2d2a0402ac883cf07d3b3f43e1c/.huggingface.yaml "HTTP/1.1 404 Not Found"
22:28:30  INFO     HTTP Request: GET https://datasets-server.huggingface.co/info?dataset=Marqo/polyvore "HTTP/1.1 200 OK"
22:28:31  INFO     HTTP Request: GET https://huggingface.co/api/datasets/Marqo/polyvore/tree/8c782ee447faf2d2a0402ac883cf07d3b3f43e1c/data?recursive=true&expand=false "HTTP/1.1 200 OK"
22:28:32  INFO     HTTP Request: GET https://huggingface.co/api/datasets/Marqo/polyvore/tree/8c782ee447faf2d2a0402ac883cf07d3b3f43e1c?recursive=false&expand=false "HTTP/1.1 200 OK"
22:28:32  INFO     HTTP Request: HEAD https://huggingface.co/datasets/Marqo/polyvore/resolve/8c782ee447faf2d2a0402ac883cf07d3b3f43e1c/dataset_infos.json "HTTP/1.1 404 Not Found"
22:28:33  INFO       Full size: 94096
22:28:33  INFO       Subsampled to 3000
22:28:34  INFO       text-to-image: 2000 queries
22:29:47  INFO       text-to-image MAP@10=0.7363 R@1=0.651 R@10=0.902 MRR=0.736
22:29:48  INFO       category-to-product (category): 172 queries
22:30:39  INFO       category MAP@10=0.5622 P@1=0.651 P@10=0.445 MRR=0.758
22:30:39  INFO     Evaluating: KAGL (corpus=3000)
22:30:39  INFO     Loading Marqo/KAGL (split=data)...
22:30:40  INFO     HTTP Request: HEAD https://huggingface.co/datasets/Marqo/KAGL/resolve/main/README.md "HTTP/1.1 307 Temporary Redirect"
22:30:41  INFO     HTTP Request: HEAD https://huggingface.co/api/resolve-cache/datasets/Marqo/KAGL/5146654f23da1f808a86370320cc8128c928f6f9/README.md "HTTP/1.1 200 OK"
22:30:42  INFO     HTTP Request: HEAD https://huggingface.co/datasets/Marqo/KAGL/resolve/5146654f23da1f808a86370320cc8128c928f6f9/KAGL.py "HTTP/1.1 404 Not Found"
22:30:43  INFO     HTTP Request: HEAD https://s3.amazonaws.com/datasets.huggingface.co/datasets/datasets/Marqo/KAGL/Marqo/KAGL.py "HTTP/1.1 404 Not Found"
22:30:44  INFO     HTTP Request: GET https://huggingface.co/api/datasets/Marqo/KAGL/revision/5146654f23da1f808a86370320cc8128c928f6f9 "HTTP/1.1 200 OK"
22:30:45  INFO     HTTP Request: HEAD https://huggingface.co/datasets/Marqo/KAGL/resolve/5146654f23da1f808a86370320cc8128c928f6f9/.huggingface.yaml "HTTP/1.1 404 Not Found"
22:30:46  INFO     HTTP Request: GET https://datasets-server.huggingface.co/info?dataset=Marqo/KAGL "HTTP/1.1 200 OK"
22:30:47  INFO     HTTP Request: GET https://huggingface.co/api/datasets/Marqo/KAGL/tree/5146654f23da1f808a86370320cc8128c928f6f9/data?recursive=true&expand=false "HTTP/1.1 200 OK"
22:30:48  INFO     HTTP Request: GET https://huggingface.co/api/datasets/Marqo/KAGL/tree/5146654f23da1f808a86370320cc8128c928f6f9?recursive=false&expand=false "HTTP/1.1 200 OK"
22:30:49  INFO     HTTP Request: HEAD https://huggingface.co/datasets/Marqo/KAGL/resolve/5146654f23da1f808a86370320cc8128c928f6f9/dataset_infos.json "HTTP/1.1 404 Not Found"
22:30:52  INFO       Full size: 44434
22:30:52  INFO       Subsampled to 3000
22:31:11  INFO       text-to-image: 2000 queries
22:32:30  INFO       text-to-image MAP@10=0.5450 R@1=0.418 R@10=0.834 MRR=0.551
22:32:49  INFO       category-to-product (category3): 89 queries
22:34:28  INFO       category3 MAP@10=0.7600 P@1=0.820 P@10=0.637 MRR=0.879
22:34:47  INFO       category-to-product (category2): 32 queries
22:36:27  INFO       category2 MAP@10=0.8037 P@1=0.844 P@10=0.759 MRR=0.882
22:36:46  INFO       category-to-product (category1): 5 queries
22:38:26  INFO       category1 MAP@10=0.8000 P@1=0.800 P@10=0.800 MRR=0.800
22:38:26  INFO     
22:38:26  INFO     ============================================================
22:38:26  INFO     Phase 10 Evaluation — phase10e_3k (fsl)
22:38:26  INFO     ============================================================
22:38:26  INFO     
22:38:26  INFO     | Benchmark | Ours (MAP@10) | FSL Baseline | Delta | Beats +10%? |
22:38:26  INFO     |---|---:|---:|---:|---|
22:38:26  INFO     | fashion200k | 0.6570 | 0.3859 | +70.2% | YES |
22:38:26  INFO     | atlas | 0.3425 | 0.6919 | -50.5% | no |
22:38:26  INFO     | polyvore | 0.7363 | 0.5783 | +27.3% | YES |
22:38:26  INFO     | KAGL | 0.5450 | 0.6779 | -19.6% | no |
22:38:26  INFO     
22:38:26  INFO     Goal NOT met yet. See results for details.
22:38:26  INFO     
22:38:26  INFO     Results saved: /Users/rohit.anand/Desktop/Hobby/MODA/results/phase10_phase10e_3k.json
22:38:26  INFO     Time: 15.7 min
[22:38:27] Quick eval saved: /Users/rohit.anand/Desktop/Hobby/MODA/results/phase10_phase10e_3k.json
[22:38:27] 
[22:38:27] Step 3: Full eval (15K corpus, 4 benchmarks)...
22:38:28  INFO     Device: mps
22:38:32  INFO     Loading Marqo-FashionSigLIP...
22:38:32  INFO     Parsing model identifier. Schema: hf-hub, Identifier: Marqo/marqo-fashionSigLIP
22:38:32  INFO     Attempting to load config from HF Hub: Marqo/marqo-fashionSigLIP
22:38:44  INFO     Loaded model config from HF Hub: Marqo/marqo-fashionSigLIP
22:39:01  INFO     Found default weights file on HF Hub: /Users/rohit.anand/.cache/huggingface/hub/models--Marqo--marqo-fashionSigLIP/snapshots/c56244cc94f92419e8369fa71efdaf403b124ce8/open_clip_model.safetensors
22:39:01  INFO     Instantiating model architecture: CustomTextCLIP
22:39:03  INFO     Loading full pretrained weights from: /Users/rohit.anand/.cache/huggingface/hub/models--Marqo--marqo-fashionSigLIP/snapshots/c56244cc94f92419e8369fa71efdaf403b124ce8/open_clip_model.safetensors
22:39:04  INFO     Final image preprocessing configuration set: {'size': (224, 224), 'mode': 'RGB', 'mean': [0.5, 0.5, 0.5], 'std': [0.5, 0.5, 0.5], 'interpolation': 'bicubic', 'resize_mode': 'squash', 'fill_color': 0}
22:39:04  INFO     Model hf-hub:Marqo/marqo-fashionSigLIP creation process complete.
22:39:04  INFO     Parsing tokenizer identifier. Schema: hf-hub, Identifier: Marqo/marqo-fashionSigLIP
22:39:04  INFO     Attempting to load config from hf-hub:Marqo/marqo-fashionSigLIP
22:39:06  INFO     HTTP Request: HEAD https://huggingface.co/Marqo/marqo-fashionSigLIP/resolve/main/open_clip_config.json "HTTP/1.1 307 Temporary Redirect"
22:39:06  INFO     HTTP Request: HEAD https://huggingface.co/api/resolve-cache/models/Marqo/marqo-fashionSigLIP/c56244cc94f92419e8369fa71efdaf403b124ce8/open_clip_config.json "HTTP/1.1 200 OK"
22:39:06  INFO     Using HFTokenizer with source: 'timm/ViT-B-16-SigLIP', mode: 'None'
22:39:07  INFO     HTTP Request: HEAD https://huggingface.co/timm/ViT-B-16-SigLIP/resolve/main/config.json "HTTP/1.1 404 Not Found"
22:39:08  INFO     HTTP Request: HEAD https://huggingface.co/timm/ViT-B-16-SigLIP/resolve/main/config.json "HTTP/1.1 404 Not Found"
22:39:08  INFO     HTTP Request: HEAD https://huggingface.co/timm/ViT-B-16-SigLIP/resolve/main/tokenizer_config.json "HTTP/1.1 307 Temporary Redirect"
22:39:09  INFO     HTTP Request: HEAD https://huggingface.co/api/resolve-cache/models/timm/ViT-B-16-SigLIP/41f575766f40e752fdd1383e9565b7f02388c1c4/tokenizer_config.json "HTTP/1.1 200 OK"
22:39:10  INFO     HTTP Request: GET https://huggingface.co/api/models/timm/ViT-B-16-SigLIP/tree/main/additional_chat_templates?recursive=false&expand=false "HTTP/1.1 404 Not Found"
22:39:10  INFO     HTTP Request: GET https://huggingface.co/api/models/timm/ViT-B-16-SigLIP/tree/main?recursive=true&expand=false "HTTP/1.1 200 OK"
22:39:11  INFO     Loading checkpoint: /Users/rohit.anand/Desktop/Hobby/MODA/checkpoints/v3_phase10/phase10e_title_strong_anchor/best.pt
22:39:11  INFO       Loaded 54 keys (260 missing, 0 unexpected)
22:39:11  INFO     Evaluating: fashion200k (corpus=15000)
22:39:11  INFO     Loading Marqo/fashion200k (split=data)...
22:39:12  INFO     HTTP Request: HEAD https://huggingface.co/datasets/Marqo/fashion200k/resolve/main/README.md "HTTP/1.1 307 Temporary Redirect"
22:39:12  INFO     HTTP Request: HEAD https://huggingface.co/api/resolve-cache/datasets/Marqo/fashion200k/b9d0e6c9c14337620e442c93f40f7906942fe893/README.md "HTTP/1.1 200 OK"
22:39:13  INFO     HTTP Request: HEAD https://huggingface.co/datasets/Marqo/fashion200k/resolve/b9d0e6c9c14337620e442c93f40f7906942fe893/fashion200k.py "HTTP/1.1 404 Not Found"
22:39:14  INFO     HTTP Request: HEAD https://s3.amazonaws.com/datasets.huggingface.co/datasets/datasets/Marqo/fashion200k/Marqo/fashion200k.py "HTTP/1.1 404 Not Found"
22:39:15  INFO     HTTP Request: GET https://huggingface.co/api/datasets/Marqo/fashion200k/revision/b9d0e6c9c14337620e442c93f40f7906942fe893 "HTTP/1.1 200 OK"
22:39:16  INFO     HTTP Request: HEAD https://huggingface.co/datasets/Marqo/fashion200k/resolve/b9d0e6c9c14337620e442c93f40f7906942fe893/.huggingface.yaml "HTTP/1.1 404 Not Found"
22:39:18  INFO     HTTP Request: GET https://datasets-server.huggingface.co/info?dataset=Marqo/fashion200k "HTTP/1.1 200 OK"
22:39:19  INFO     HTTP Request: GET https://huggingface.co/api/datasets/Marqo/fashion200k/tree/b9d0e6c9c14337620e442c93f40f7906942fe893/data?recursive=true&expand=false "HTTP/1.1 200 OK"
22:39:20  INFO     HTTP Request: GET https://huggingface.co/api/datasets/Marqo/fashion200k/tree/b9d0e6c9c14337620e442c93f40f7906942fe893?recursive=false&expand=false "HTTP/1.1 200 OK"
22:39:21  INFO     HTTP Request: HEAD https://huggingface.co/datasets/Marqo/fashion200k/resolve/b9d0e6c9c14337620e442c93f40f7906942fe893/dataset_infos.json "HTTP/1.1 404 Not Found"
22:39:22  INFO       Full size: 201624
22:39:22  INFO       Subsampled to 15000
22:39:27  INFO       text-to-image: 2000 queries
22:42:59  INFO       text-to-image MAP@10=0.4543 R@1=0.336 R@10=0.720 MRR=0.455
22:43:05  INFO       category-to-product (category3): 1531 queries
22:47:27  INFO       category3 MAP@10=0.2383 P@1=0.230 P@10=0.087 MRR=0.318
22:47:32  INFO       category-to-product (category2): 31 queries
22:51:44  INFO       category2 MAP@10=0.5479 P@1=0.613 P@10=0.668 MRR=0.754
22:51:49  INFO       category-to-product (category1): 5 queries
22:56:05  INFO       category1 MAP@10=0.8941 P@1=1.000 P@10=0.920 MRR=1.000
22:56:05  INFO     Evaluating: atlas (corpus=15000)
22:56:05  INFO     Loading Marqo/atlas (split=data)...
22:56:07  INFO     HTTP Request: HEAD https://huggingface.co/datasets/Marqo/atlas/resolve/main/README.md "HTTP/1.1 307 Temporary Redirect"
22:56:08  INFO     HTTP Request: HEAD https://huggingface.co/api/resolve-cache/datasets/Marqo/atlas/54924db5b6b2f7f10dfce2053222d20bc614ba0c/README.md "HTTP/1.1 200 OK"
22:56:08  INFO     HTTP Request: HEAD https://huggingface.co/datasets/Marqo/atlas/resolve/54924db5b6b2f7f10dfce2053222d20bc614ba0c/atlas.py "HTTP/1.1 404 Not Found"
22:56:09  INFO     HTTP Request: HEAD https://s3.amazonaws.com/datasets.huggingface.co/datasets/datasets/Marqo/atlas/Marqo/atlas.py "HTTP/1.1 404 Not Found"
22:56:10  INFO     HTTP Request: GET https://huggingface.co/api/datasets/Marqo/atlas/revision/54924db5b6b2f7f10dfce2053222d20bc614ba0c "HTTP/1.1 200 OK"
22:56:11  INFO     HTTP Request: HEAD https://huggingface.co/datasets/Marqo/atlas/resolve/54924db5b6b2f7f10dfce2053222d20bc614ba0c/.huggingface.yaml "HTTP/1.1 404 Not Found"
22:56:12  INFO     HTTP Request: GET https://datasets-server.huggingface.co/info?dataset=Marqo/atlas "HTTP/1.1 200 OK"
22:56:13  INFO     HTTP Request: GET https://huggingface.co/api/datasets/Marqo/atlas/tree/54924db5b6b2f7f10dfce2053222d20bc614ba0c/data?recursive=true&expand=false "HTTP/1.1 200 OK"
22:56:14  INFO     HTTP Request: GET https://huggingface.co/api/datasets/Marqo/atlas/tree/54924db5b6b2f7f10dfce2053222d20bc614ba0c?recursive=false&expand=false "HTTP/1.1 200 OK"
22:56:15  INFO     HTTP Request: HEAD https://huggingface.co/datasets/Marqo/atlas/resolve/54924db5b6b2f7f10dfce2053222d20bc614ba0c/dataset_infos.json "HTTP/1.1 404 Not Found"
22:56:15  INFO       Full size: 78370
22:56:15  INFO       Subsampled to 15000
22:56:22  INFO       text-to-image: 2000 queries
23:00:26  INFO       text-to-image MAP@10=0.2315 R@1=0.181 R@10=0.402 MRR=0.261
23:00:33  INFO       category-to-product (category): 3 queries
23:05:13  INFO       category MAP@10=0.6667 P@1=0.667 P@10=0.667 MRR=0.667
23:05:13  INFO     Evaluating: polyvore (corpus=15000)
23:05:13  INFO     Loading Marqo/polyvore (split=data)...
23:05:15  INFO     HTTP Request: HEAD https://huggingface.co/datasets/Marqo/polyvore/resolve/main/README.md "HTTP/1.1 307 Temporary Redirect"
23:05:16  INFO     HTTP Request: HEAD https://huggingface.co/api/resolve-cache/datasets/Marqo/polyvore/8c782ee447faf2d2a0402ac883cf07d3b3f43e1c/README.md "HTTP/1.1 200 OK"
23:05:16  INFO     HTTP Request: HEAD https://huggingface.co/datasets/Marqo/polyvore/resolve/8c782ee447faf2d2a0402ac883cf07d3b3f43e1c/polyvore.py "HTTP/1.1 404 Not Found"
23:05:17  INFO     HTTP Request: HEAD https://s3.amazonaws.com/datasets.huggingface.co/datasets/datasets/Marqo/polyvore/Marqo/polyvore.py "HTTP/1.1 404 Not Found"
23:05:18  INFO     HTTP Request: GET https://huggingface.co/api/datasets/Marqo/polyvore/revision/8c782ee447faf2d2a0402ac883cf07d3b3f43e1c "HTTP/1.1 200 OK"
23:05:19  INFO     HTTP Request: HEAD https://huggingface.co/datasets/Marqo/polyvore/resolve/8c782ee447faf2d2a0402ac883cf07d3b3f43e1c/.huggingface.yaml "HTTP/1.1 404 Not Found"
23:05:20  INFO     HTTP Request: GET https://datasets-server.huggingface.co/info?dataset=Marqo/polyvore "HTTP/1.1 200 OK"
23:05:21  INFO     HTTP Request: GET https://huggingface.co/api/datasets/Marqo/polyvore/tree/8c782ee447faf2d2a0402ac883cf07d3b3f43e1c/data?recursive=true&expand=false "HTTP/1.1 200 OK"
23:05:22  INFO     HTTP Request: GET https://huggingface.co/api/datasets/Marqo/polyvore/tree/8c782ee447faf2d2a0402ac883cf07d3b3f43e1c?recursive=false&expand=false "HTTP/1.1 200 OK"
23:05:22  INFO     HTTP Request: HEAD https://huggingface.co/datasets/Marqo/polyvore/resolve/8c782ee447faf2d2a0402ac883cf07d3b3f43e1c/dataset_infos.json "HTTP/1.1 404 Not Found"
23:05:23  INFO       Full size: 94096
23:05:23  INFO       Subsampled to 15000
23:05:29  INFO       text-to-image: 2000 queries
23:09:45  INFO       text-to-image MAP@10=0.5664 R@1=0.470 R@10=0.777 MRR=0.566
23:09:51  INFO       category-to-product (category): 280 queries
23:14:34  INFO       category MAP@10=0.4767 P@1=0.636 P@10=0.456 MRR=0.737
23:14:34  INFO     Evaluating: KAGL (corpus=15000)
23:14:34  INFO     Loading Marqo/KAGL (split=data)...
23:14:36  INFO     HTTP Request: HEAD https://huggingface.co/datasets/Marqo/KAGL/resolve/main/README.md "HTTP/1.1 307 Temporary Redirect"
23:14:36  INFO     HTTP Request: HEAD https://huggingface.co/api/resolve-cache/datasets/Marqo/KAGL/5146654f23da1f808a86370320cc8128c928f6f9/README.md "HTTP/1.1 200 OK"
23:14:37  INFO     HTTP Request: HEAD https://huggingface.co/datasets/Marqo/KAGL/resolve/5146654f23da1f808a86370320cc8128c928f6f9/KAGL.py "HTTP/1.1 404 Not Found"
23:14:38  INFO     HTTP Request: HEAD https://s3.amazonaws.com/datasets.huggingface.co/datasets/datasets/Marqo/KAGL/Marqo/KAGL.py "HTTP/1.1 404 Not Found"
23:14:39  INFO     HTTP Request: GET https://huggingface.co/api/datasets/Marqo/KAGL/revision/5146654f23da1f808a86370320cc8128c928f6f9 "HTTP/1.1 200 OK"
23:14:39  INFO     HTTP Request: HEAD https://huggingface.co/datasets/Marqo/KAGL/resolve/5146654f23da1f808a86370320cc8128c928f6f9/.huggingface.yaml "HTTP/1.1 404 Not Found"
23:14:40  INFO     HTTP Request: GET https://datasets-server.huggingface.co/info?dataset=Marqo/KAGL "HTTP/1.1 200 OK"
23:14:41  INFO     HTTP Request: GET https://huggingface.co/api/datasets/Marqo/KAGL/tree/5146654f23da1f808a86370320cc8128c928f6f9/data?recursive=true&expand=false "HTTP/1.1 200 OK"
23:14:42  INFO     HTTP Request: GET https://huggingface.co/api/datasets/Marqo/KAGL/tree/5146654f23da1f808a86370320cc8128c928f6f9?recursive=false&expand=false "HTTP/1.1 200 OK"
23:14:43  INFO     HTTP Request: HEAD https://huggingface.co/datasets/Marqo/KAGL/resolve/5146654f23da1f808a86370320cc8128c928f6f9/dataset_infos.json "HTTP/1.1 404 Not Found"
23:14:47  INFO       Full size: 44434
23:14:47  INFO       Subsampled to 15000
23:16:28  INFO       text-to-image: 2000 queries
23:23:24  INFO       text-to-image MAP@10=0.3575 R@1=0.272 R@10=0.604 MRR=0.374
23:25:10  INFO       category-to-product (category3): 121 queries
23:44:59  INFO       category3 MAP@10=0.7221 P@1=0.810 P@10=0.668 MRR=0.865
23:48:05  INFO       category-to-product (category2): 37 queries
00:07:02  INFO       category2 MAP@10=0.7693 P@1=0.865 P@10=0.770 MRR=0.898
00:10:59  INFO       category-to-product (category1): 6 queries
00:33:34  INFO       category1 MAP@10=0.7789 P@1=0.833 P@10=0.750 MRR=0.833
00:33:34  INFO     
00:33:34  INFO     ============================================================
00:33:34  INFO     Phase 10 Evaluation — phase10e_15k (fsl)
00:33:34  INFO     ============================================================
00:33:34  INFO     
00:33:34  INFO     | Benchmark | Ours (MAP@10) | FSL Baseline | Delta | Beats +10%? |
00:33:34  INFO     |---|---:|---:|---:|---|
00:33:34  INFO     | fashion200k | 0.4543 | 0.3859 | +17.7% | YES |
00:33:34  INFO     | atlas | 0.2315 | 0.6919 | -66.5% | no |
00:33:34  INFO     | polyvore | 0.5664 | 0.5783 | -2.0% | no |
00:33:34  INFO     | KAGL | 0.3575 | 0.6779 | -47.3% | no |
00:33:34  INFO     
00:33:34  INFO     Goal NOT met yet. See results for details.
00:33:34  INFO     
00:33:34  INFO     Results saved: /Users/rohit.anand/Desktop/Hobby/MODA/results/phase10_phase10e_15k.json
00:33:34  INFO     Time: 115.1 min
[00:33:36] Full eval saved: /Users/rohit.anand/Desktop/Hobby/MODA/results/phase10_phase10e_15k.json
[00:33:36] 
[00:33:36] Step 4: Deep error analysis...

========================================================================
PHASE 10e — DEEP ERROR ANALYSIS
========================================================================

── Table 1: Text-to-Image MAP@10 (primary task) ──
Benchmark       FSL-pub  FSL-15K   10c-3K  Exp1-3K  Exp2-3K  Exp2-15K  vs pub
---------------------------------------------------------------------------
fashion200k      0.3859      —        —        —        —         —         —
atlas            0.6919      —        —        —        —         —         —
polyvore         0.5783      —        —        —        —         —         —
KAGL             0.6779      —        —        —        —         —         —

── Table 2: Category→Product MAP@10 ──
Benchmark       FSL-15K  Exp2-15K   delta
---------------------------------------------
fashion200k         —         —         —
atlas               —         —         —
polyvore            —         —         —
KAGL                —         —         —

── Table 3: Atlas/KAGL degradation analysis ──
Benchmark        Phase10c     Exp1     Exp2   FSL-live   Fixed?
--------------------------------------------------------------
atlas                 —        —        —          —       ✗ NO
KAGL                  —        —        —          —       ✗ NO

── Table 4: Final scorecard vs Marqo published ──
Benchmark       Marqo-pub  Exp2-3K   delta  Beat+10%?
-------------------------------------------------------
fashion200k        0.3859      —     +0.0%          —
atlas              0.6919      —     +0.0%          —
polyvore           0.5783      —     +0.0%          —
KAGL               0.6779      —     +0.0%          —

Benchmarks beating FSL by ≥10%: 0/4
Goal not yet met. See gap analysis.

── Gap Analysis: What still needs to improve ──

── Anchor effect on forgetting ──
  High anchor (0.85) should strongly preserve FSL text repr.
  If atlas/KAGL still degrade: text-style mismatch is irrecoverable via anchor alone.
  If atlas/KAGL recover: anchor is the key lever, increase further or try frozen text encoder.

[00:33:36] 
[00:33:36] Step 5: Updating EXPERIMENT_MASTER_LOG.md...
EXPERIMENT_MASTER_LOG.md updated. Beats target: 2/4
[00:33:36] 
[00:33:36] ========================================================
[00:33:36] Phase 10e Post-Training Pipeline Complete
[00:33:36] ========================================================
[00:33:36] Results: /Users/rohit.anand/Desktop/Hobby/MODA/results/phase10_phase10e_3k.json
[00:33:36]          /Users/rohit.anand/Desktop/Hobby/MODA/results/phase10_phase10e_15k.json
[00:33:36] Log:     /Users/rohit.anand/Desktop/Hobby/MODA/results/phase10e_post_training.log
